get_daily_news() run at :  2024-02-15 18:38:02.487930
get_daily_news() run at :  2024-02-15 18:40:02.509397
get_daily_news() run at :  2024-02-15 18:42:02.498155
get_daily_news() run at :  2024-02-15 18:44:02.474005
get_daily_news() run at :  2024-02-15 18:46:02.481460
get_daily_news() run at :  2024-02-15 18:48:02.477871
get_daily_news() run at :  2024-02-15 18:50:02.594578
get_daily_news() run at :  2024-02-15 18:52:02.644687
get_daily_news() run at :  2024-02-15 18:54:02.617861
get_daily_news() run at :  2024-02-15 18:56:02.577619
get_daily_news() run at :  2024-02-15 18:58:02.570113
get_daily_news() run at :  2024-02-15 19:00:02.567021
get_daily_news() run at :  2024-02-15 19:02:02.584238
get_daily_news() run at :  2024-02-15 19:04:02.612794
get_daily_news() run at :  2024-02-15 19:06:02.590357
get_daily_news() run at :  2024-02-15 19:08:02.549175
get_daily_news() run at :  2024-02-15 19:10:02.522234
Traceback (most recent call last):
  File "/home/zythrill/Django/portfolio/manage.py", line 22, in <module>
    main()
  File "/home/zythrill/Django/portfolio/manage.py", line 18, in main
    execute_from_command_line(sys.argv)
  File "/home/zythrill/Django/django_env/lib/python3.8/site-packages/django/core/management/__init__.py", line 442, in execute_from_command_line
    utility.execute()
  File "/home/zythrill/Django/django_env/lib/python3.8/site-packages/django/core/management/__init__.py", line 416, in execute
    django.setup()
  File "/home/zythrill/Django/django_env/lib/python3.8/site-packages/django/__init__.py", line 24, in setup
    apps.populate(settings.INSTALLED_APPS)
  File "/home/zythrill/Django/django_env/lib/python3.8/site-packages/django/apps/registry.py", line 116, in populate
    app_config.import_models()
  File "/home/zythrill/Django/django_env/lib/python3.8/site-packages/django/apps/config.py", line 269, in import_models
    self.models_module = import_module(models_module_name)
  File "/usr/lib/python3.8/importlib/__init__.py", line 127, in import_module
    return _bootstrap._gcd_import(name[level:], package, level)
  File "<frozen importlib._bootstrap>", line 1014, in _gcd_import
  File "<frozen importlib._bootstrap>", line 991, in _find_and_load
  File "<frozen importlib._bootstrap>", line 975, in _find_and_load_unlocked
  File "<frozen importlib._bootstrap>", line 671, in _load_unlocked
  File "<frozen importlib._bootstrap_external>", line 848, in exec_module
  File "<frozen importlib._bootstrap>", line 219, in _call_with_frames_removed
  File "/home/zythrill/Django/portfolio/news_analysis/models.py", line 5, in <module>
    class article(models.Model):
  File "/home/zythrill/Django/portfolio/news_analysis/models.py", line 11, in article
    date_recieved = models.DateTimeField(default=timezone.now)
NameError: name 'timezone' is not defined
Traceback (most recent call last):
  File "/home/zythrill/Django/portfolio/manage.py", line 22, in <module>
    main()
  File "/home/zythrill/Django/portfolio/manage.py", line 18, in main
    execute_from_command_line(sys.argv)
  File "/home/zythrill/Django/django_env/lib/python3.8/site-packages/django/core/management/__init__.py", line 442, in execute_from_command_line
    utility.execute()
  File "/home/zythrill/Django/django_env/lib/python3.8/site-packages/django/core/management/__init__.py", line 416, in execute
    django.setup()
  File "/home/zythrill/Django/django_env/lib/python3.8/site-packages/django/__init__.py", line 24, in setup
    apps.populate(settings.INSTALLED_APPS)
  File "/home/zythrill/Django/django_env/lib/python3.8/site-packages/django/apps/registry.py", line 116, in populate
    app_config.import_models()
  File "/home/zythrill/Django/django_env/lib/python3.8/site-packages/django/apps/config.py", line 269, in import_models
    self.models_module = import_module(models_module_name)
  File "/usr/lib/python3.8/importlib/__init__.py", line 127, in import_module
    return _bootstrap._gcd_import(name[level:], package, level)
  File "<frozen importlib._bootstrap>", line 1014, in _gcd_import
  File "<frozen importlib._bootstrap>", line 991, in _find_and_load
  File "<frozen importlib._bootstrap>", line 975, in _find_and_load_unlocked
  File "<frozen importlib._bootstrap>", line 671, in _load_unlocked
  File "<frozen importlib._bootstrap_external>", line 848, in exec_module
  File "<frozen importlib._bootstrap>", line 219, in _call_with_frames_removed
  File "/home/zythrill/Django/portfolio/news_analysis/models.py", line 5, in <module>
    class article(models.Model):
  File "/home/zythrill/Django/portfolio/news_analysis/models.py", line 11, in article
    date_recieved = models.DateTimeField(default=timezone.now)
NameError: name 'timezone' is not defined
Traceback (most recent call last):
  File "/home/zythrill/Django/portfolio/manage.py", line 22, in <module>
    main()
  File "/home/zythrill/Django/portfolio/manage.py", line 18, in main
    execute_from_command_line(sys.argv)
  File "/home/zythrill/Django/django_env/lib/python3.8/site-packages/django/core/management/__init__.py", line 442, in execute_from_command_line
    utility.execute()
  File "/home/zythrill/Django/django_env/lib/python3.8/site-packages/django/core/management/__init__.py", line 416, in execute
    django.setup()
  File "/home/zythrill/Django/django_env/lib/python3.8/site-packages/django/__init__.py", line 24, in setup
    apps.populate(settings.INSTALLED_APPS)
  File "/home/zythrill/Django/django_env/lib/python3.8/site-packages/django/apps/registry.py", line 116, in populate
    app_config.import_models()
  File "/home/zythrill/Django/django_env/lib/python3.8/site-packages/django/apps/config.py", line 269, in import_models
    self.models_module = import_module(models_module_name)
  File "/usr/lib/python3.8/importlib/__init__.py", line 127, in import_module
    return _bootstrap._gcd_import(name[level:], package, level)
  File "<frozen importlib._bootstrap>", line 1014, in _gcd_import
  File "<frozen importlib._bootstrap>", line 991, in _find_and_load
  File "<frozen importlib._bootstrap>", line 975, in _find_and_load_unlocked
  File "<frozen importlib._bootstrap>", line 671, in _load_unlocked
  File "<frozen importlib._bootstrap_external>", line 848, in exec_module
  File "<frozen importlib._bootstrap>", line 219, in _call_with_frames_removed
  File "/home/zythrill/Django/portfolio/news_analysis/models.py", line 5, in <module>
    class article(models.Model):
  File "/home/zythrill/Django/portfolio/news_analysis/models.py", line 9, in article
    date_added = models.DateTimeField(default=timezone.now)
NameError: name 'timezone' is not defined
get_daily_news() run at :  2024-02-15 19:18:01.909317
get_daily_news() run at :  2024-02-15 19:20:02.039828
get_daily_news() run at :  2024-02-15 19:22:02.133474
Traceback (most recent call last):
  File "/home/zythrill/Django/portfolio/manage.py", line 22, in <module>
    main()
  File "/home/zythrill/Django/portfolio/manage.py", line 18, in main
    execute_from_command_line(sys.argv)
  File "/home/zythrill/Django/django_env/lib/python3.8/site-packages/django/core/management/__init__.py", line 442, in execute_from_command_line
    utility.execute()
  File "/home/zythrill/Django/django_env/lib/python3.8/site-packages/django/core/management/__init__.py", line 416, in execute
    django.setup()
  File "/home/zythrill/Django/django_env/lib/python3.8/site-packages/django/__init__.py", line 24, in setup
    apps.populate(settings.INSTALLED_APPS)
  File "/home/zythrill/Django/django_env/lib/python3.8/site-packages/django/apps/registry.py", line 124, in populate
    app_config.ready()
  File "/home/zythrill/Django/django_env/lib/python3.8/site-packages/django/contrib/admin/apps.py", line 27, in ready
    self.module.autodiscover()
  File "/home/zythrill/Django/django_env/lib/python3.8/site-packages/django/contrib/admin/__init__.py", line 50, in autodiscover
    autodiscover_modules("admin", register_to=site)
  File "/home/zythrill/Django/django_env/lib/python3.8/site-packages/django/utils/module_loading.py", line 58, in autodiscover_modules
    import_module("%s.%s" % (app_config.name, module_to_search))
  File "/usr/lib/python3.8/importlib/__init__.py", line 127, in import_module
    return _bootstrap._gcd_import(name[level:], package, level)
  File "<frozen importlib._bootstrap>", line 1014, in _gcd_import
  File "<frozen importlib._bootstrap>", line 991, in _find_and_load
  File "<frozen importlib._bootstrap>", line 975, in _find_and_load_unlocked
  File "<frozen importlib._bootstrap>", line 671, in _load_unlocked
  File "<frozen importlib._bootstrap_external>", line 848, in exec_module
  File "<frozen importlib._bootstrap>", line 219, in _call_with_frames_removed
  File "/home/zythrill/Django/portfolio/news_analysis/admin.py", line 3, in <module>
    from .models import article
ImportError: cannot import name 'article' from 'news_analysis.models' (/home/zythrill/Django/portfolio/news_analysis/models.py)
get_daily_news() run at :  2024-02-15 19:26:02.628961
Failed to complete cronjob at ('*/2 * * * *', 'news_analysis.cron.get_daily_news', '>> /home/zythrill/Django/portfolio/log/cron.log 2>&1 ')
Traceback (most recent call last):
  File "/home/zythrill/Django/django_env/lib/python3.8/site-packages/django_crontab/crontab.py", line 145, in run_job
    func(*job_args, **job_kwargs)
  File "/home/zythrill/Django/portfolio/news_analysis/cron.py", line 29, in get_daily_news
    context['articles'] = article_context
NameError: name 'context' is not defined
{'status': 'ok', 'totalResults': 1031, 'articles': [{'source': {'id': None, 'name': 'Forbes'}, 'author': 'https://www.forbes.com/', 'title': 'Bitcoin Breaks $50K For First Time Since 2021', 'description': 'Steven Ehrlich, the director of Forbes Digital Assets, joins “Forbes Talks” to discuss Bitcoin reaching $50,000 for the first time since 2021.', 'url': 'https://www.forbes.com/video/6346755958112/bitcoin-breaks-50k-for-first-time-since-2021/', 'urlToImage': 'https://imageio.forbes.com/i-forbesimg/media/video/2024/02/13/6346755958112_still.jpg?format=jpg&height=460&width=800&fit=bounds', 'publishedAt': '2024-02-13T16:00:50Z', 'content': 'Steven Ehrlich, the director of Forbes Digital Assets, joins Forbes Talks to discuss Bitcoin reaching $50,000 for the first time since 2021.'}, {'source': {'id': None, 'name': 'Forbes'}, 'author': 'Abubakar Nur Khalil, Contributor, \n Abubakar Nur Khalil, Contributor\n https://www.forbes.com/sites/abubakarnurkhalil/', 'title': 'As Bitcoin ETFs Take Center Stage, Coinbase Diversifies', 'description': 'The exchange became an industry darling by offering a user-friendly product and promising to adhere to regulations. Now, new low-fee bitcoin funds are eating into its lucrative transaction fee business.', 'url': 'https://www.forbes.com/sites/digital-assets/2024/02/13/as-bitcoin-etfs-take-center-stage-coinbase-diversifies/', 'urlToImage': 'https://imageio.forbes.com/specials-images/imageserve/615daf3682a521d2906bb67d/0x0.jpg?format=jpg&crop=3301,1859,x0,y303,safe&height=900&width=1600&fit=bounds', 'publishedAt': '2024-02-13T15:01:25Z', 'content': 'Brian Armstrong, founder of Coinbase, photographed for Forbes by Jamel Toppin in January 2020.\r\nJamel Toppin/The Forbes Collection\r\nOverview\r\nCrypto exchange Coinbase has been an industry bellwether … [+9766 chars]'}, {'source': {'id': None, 'name': 'Forbes'}, 'author': 'Bill Sarubbi, Contributor, \n Bill Sarubbi, Contributor\n https://www.forbes.com/sites/greatspeculations/people/billsarubbi/', 'title': 'Stocks This Week: Buy Caterpillar And Coinbase', 'description': 'The market is overbought is certain industries. The industrial sector is now strengthening. Buy Caterpillar. There is also a stock that is likely to follow bitcoin up.', 'url': 'https://www.forbes.com/sites/greatspeculations/2024/02/12/stocks-this-week-buy-caterpillar-and-coinbase/', 'urlToImage': 'https://imageio.forbes.com/specials-images/imageserve/65c8cdfa37e9302b84fadc73/0x0.jpg?format=jpg&height=900&width=1600&fit=bounds', 'publishedAt': '2024-02-12T11:00:00Z', 'content': 'Photographer: Michael Nagle/Bloomberg\r\n© 2023 Bloomberg Finance LP\r\nThe next week is options expiration (OPEX) week which has been bearish in the month of February. This suggests a pullback next week… [+2798 chars]'}, {'source': {'id': None, 'name': 'Forbes'}, 'author': 'Forbes Daily, Forbes Staff, \n Forbes Daily, Forbes Staff\n https://www.forbes.com/sites/forbesdaily/', 'title': 'Forbes Daily: Las Vegas Is Officially A Sports Town', 'description': "Kansas City wins second straight Super Bowl; Nasdaq hits two-year high; Bitcoin rallies; Japan seeks to woo remote workers; what Disney's bet on Epic means for gaming.", 'url': 'https://www.forbes.com/sites/forbesdaily/2024/02/12/forbes-daily-las-vegas-is-officially-a-sports-town/', 'urlToImage': 'https://imageio.forbes.com/specials-images/imageserve/65ca20a284600cd7732bef2c/0x0.jpg?format=jpg&crop=3320,1866,x0,y171,safe&height=900&width=1600&fit=bounds', 'publishedAt': '2024-02-12T13:51:36Z', 'content': 'This is a published version of the Forbes Daily newsletter, you can sign-up to get Forbes Daily in your inbox here.\r\nGood morning,\r\nIn college, I double majored in journalism and political science. A… [+9587 chars]'}, {'source': {'id': None, 'name': 'Forbes'}, 'author': 'Danielle Chemtob, Forbes Staff, \n Danielle Chemtob, Forbes Staff\n https://www.forbes.com/sites/daniellechemtob/', 'title': 'Forbes Daily: Nvidia Passes Tech Giants Amazon And Alphabet', 'description': "Biden pushes for Israel Gaza ceasefire; Forbes Fintech 50; Bitcoin reaches $50,000 mark; Google to train people in AI; Samuel Alito's net worth; DC sports stadium snag.", 'url': 'https://www.forbes.com/sites/forbesdaily/2024/02/13/forbes-daily-nvidia-passes-tech-giants-amazon-and-alphabet/', 'urlToImage': 'https://imageio.forbes.com/specials-images/imageserve/65cb68f2969a440669b603b3/0x0.jpg?format=jpg&crop=1892,1065,x0,y97,safe&height=900&width=1600&fit=bounds', 'publishedAt': '2024-02-13T13:06:25Z', 'content': 'This is a published version of the Forbes Daily newsletter, you can sign-up to get Forbes Daily in your inbox here.\r\nGood morning,\r\nLike other artists, Usher wasnt paid for his Super Bowl halftime sh… [+11290 chars]'}]}
Failed to complete cronjob at ('*/2 * * * *', 'news_analysis.cron.get_daily_news', '>> /home/zythrill/Django/portfolio/log/cron.log 2>&1 ')
Traceback (most recent call last):
  File "/home/zythrill/Django/django_env/lib/python3.8/site-packages/django_crontab/crontab.py", line 145, in run_job
    func(*job_args, **job_kwargs)
  File "/home/zythrill/Django/portfolio/news_analysis/cron.py", line 29, in get_daily_news
    context['articles'] = article_context
NameError: name 'context' is not defined
{'status': 'ok', 'totalResults': 1031, 'articles': [{'source': {'id': None, 'name': 'Forbes'}, 'author': 'https://www.forbes.com/', 'title': 'Bitcoin Breaks $50K For First Time Since 2021', 'description': 'Steven Ehrlich, the director of Forbes Digital Assets, joins “Forbes Talks” to discuss Bitcoin reaching $50,000 for the first time since 2021.', 'url': 'https://www.forbes.com/video/6346755958112/bitcoin-breaks-50k-for-first-time-since-2021/', 'urlToImage': 'https://imageio.forbes.com/i-forbesimg/media/video/2024/02/13/6346755958112_still.jpg?format=jpg&height=460&width=800&fit=bounds', 'publishedAt': '2024-02-13T16:00:50Z', 'content': 'Steven Ehrlich, the director of Forbes Digital Assets, joins Forbes Talks to discuss Bitcoin reaching $50,000 for the first time since 2021.'}, {'source': {'id': None, 'name': 'Forbes'}, 'author': 'Abubakar Nur Khalil, Contributor, \n Abubakar Nur Khalil, Contributor\n https://www.forbes.com/sites/abubakarnurkhalil/', 'title': 'As Bitcoin ETFs Take Center Stage, Coinbase Diversifies', 'description': 'The exchange became an industry darling by offering a user-friendly product and promising to adhere to regulations. Now, new low-fee bitcoin funds are eating into its lucrative transaction fee business.', 'url': 'https://www.forbes.com/sites/digital-assets/2024/02/13/as-bitcoin-etfs-take-center-stage-coinbase-diversifies/', 'urlToImage': 'https://imageio.forbes.com/specials-images/imageserve/615daf3682a521d2906bb67d/0x0.jpg?format=jpg&crop=3301,1859,x0,y303,safe&height=900&width=1600&fit=bounds', 'publishedAt': '2024-02-13T15:01:25Z', 'content': 'Brian Armstrong, founder of Coinbase, photographed for Forbes by Jamel Toppin in January 2020.\r\nJamel Toppin/The Forbes Collection\r\nOverview\r\nCrypto exchange Coinbase has been an industry bellwether … [+9766 chars]'}, {'source': {'id': None, 'name': 'Forbes'}, 'author': 'Bill Sarubbi, Contributor, \n Bill Sarubbi, Contributor\n https://www.forbes.com/sites/greatspeculations/people/billsarubbi/', 'title': 'Stocks This Week: Buy Caterpillar And Coinbase', 'description': 'The market is overbought is certain industries. The industrial sector is now strengthening. Buy Caterpillar. There is also a stock that is likely to follow bitcoin up.', 'url': 'https://www.forbes.com/sites/greatspeculations/2024/02/12/stocks-this-week-buy-caterpillar-and-coinbase/', 'urlToImage': 'https://imageio.forbes.com/specials-images/imageserve/65c8cdfa37e9302b84fadc73/0x0.jpg?format=jpg&height=900&width=1600&fit=bounds', 'publishedAt': '2024-02-12T11:00:00Z', 'content': 'Photographer: Michael Nagle/Bloomberg\r\n© 2023 Bloomberg Finance LP\r\nThe next week is options expiration (OPEX) week which has been bearish in the month of February. This suggests a pullback next week… [+2798 chars]'}, {'source': {'id': None, 'name': 'Forbes'}, 'author': 'Forbes Daily, Forbes Staff, \n Forbes Daily, Forbes Staff\n https://www.forbes.com/sites/forbesdaily/', 'title': 'Forbes Daily: Las Vegas Is Officially A Sports Town', 'description': "Kansas City wins second straight Super Bowl; Nasdaq hits two-year high; Bitcoin rallies; Japan seeks to woo remote workers; what Disney's bet on Epic means for gaming.", 'url': 'https://www.forbes.com/sites/forbesdaily/2024/02/12/forbes-daily-las-vegas-is-officially-a-sports-town/', 'urlToImage': 'https://imageio.forbes.com/specials-images/imageserve/65ca20a284600cd7732bef2c/0x0.jpg?format=jpg&crop=3320,1866,x0,y171,safe&height=900&width=1600&fit=bounds', 'publishedAt': '2024-02-12T13:51:36Z', 'content': 'This is a published version of the Forbes Daily newsletter, you can sign-up to get Forbes Daily in your inbox here.\r\nGood morning,\r\nIn college, I double majored in journalism and political science. A… [+9587 chars]'}, {'source': {'id': None, 'name': 'Forbes'}, 'author': 'Danielle Chemtob, Forbes Staff, \n Danielle Chemtob, Forbes Staff\n https://www.forbes.com/sites/daniellechemtob/', 'title': 'Forbes Daily: Nvidia Passes Tech Giants Amazon And Alphabet', 'description': "Biden pushes for Israel Gaza ceasefire; Forbes Fintech 50; Bitcoin reaches $50,000 mark; Google to train people in AI; Samuel Alito's net worth; DC sports stadium snag.", 'url': 'https://www.forbes.com/sites/forbesdaily/2024/02/13/forbes-daily-nvidia-passes-tech-giants-amazon-and-alphabet/', 'urlToImage': 'https://imageio.forbes.com/specials-images/imageserve/65cb68f2969a440669b603b3/0x0.jpg?format=jpg&crop=1892,1065,x0,y97,safe&height=900&width=1600&fit=bounds', 'publishedAt': '2024-02-13T13:06:25Z', 'content': 'This is a published version of the Forbes Daily newsletter, you can sign-up to get Forbes Daily in your inbox here.\r\nGood morning,\r\nLike other artists, Usher wasnt paid for his Super Bowl halftime sh… [+11290 chars]'}]}
get_daily_news() run at :  2024-02-15 19:32:02.557272
get_daily_news() run at :  2024-02-15 19:34:02.681768
get_daily_news() run at :  2024-02-15 19:36:02.832137
get_daily_news() run at :  2024-02-15 19:38:02.937472
get_daily_news() run at :  2024-02-15 19:40:02.103240
get_daily_news() run at :  2024-02-15 19:42:02.297436
get_daily_news() run at :  2024-02-15 19:44:02.691161
get_daily_news() run at :  2024-02-15 19:46:02.989920
get_daily_news() run at :  2024-02-15 19:48:02.401810
get_daily_news() run at :  2024-02-15 19:50:02.575626
get_daily_news() run at :  2024-02-15 19:52:02.702097
get_daily_news() run at :  2024-02-15 19:54:02.839094
get_daily_news() run at :  2024-02-15 19:56:03.140562
get_daily_news() run at :  2024-02-15 19:58:02.305685
get_daily_news() run at :  2024-02-15 20:00:02.449996
get_daily_news() run at :  2024-02-15 20:02:02.638148
get_daily_news() run at :  2024-02-15 20:04:02.739069
get_daily_news() run at :  2024-02-15 20:06:02.907943
get_daily_news() run at :  2024-02-15 20:08:02.740250
get_daily_news() run at :  2024-02-15 20:10:03.152957
get_daily_news() run at :  2024-02-15 20:12:02.323530
get_daily_news() run at :  2024-02-15 20:14:02.568359
get_daily_news() run at :  2024-02-15 20:16:02.720745
get_daily_news() run at :  2024-02-15 20:18:02.946220
get_daily_news() run at :  2024-02-15 20:20:02.088512
get_daily_news() run at :  2024-02-15 20:22:02.293778
get_daily_news() run at :  2024-02-15 20:24:02.455039
get_daily_news() run at :  2024-02-15 20:26:02.641082
get_daily_news() run at :  2024-02-15 20:28:02.887730
get_daily_news() run at :  2024-02-15 20:30:02.059125
get_daily_news() run at :  2024-02-15 20:32:02.257328
get_daily_news() run at :  2024-02-15 20:34:02.540250
get_daily_news() run at :  2024-02-15 20:36:02.636757
get_daily_news() run at :  2024-02-15 20:38:02.952850
get_daily_news() run at :  2024-02-15 20:40:02.205635
get_daily_news() run at :  2024-02-15 20:42:02.351982
get_daily_news() run at :  2024-02-15 20:44:02.664003
get_daily_news() run at :  2024-02-15 20:46:02.812382
get_daily_news() run at :  2024-02-15 20:48:03.002917
get_daily_news() run at :  2024-02-15 20:50:02.331060
get_daily_news() run at :  2024-02-15 20:52:02.569906
Traceback (most recent call last):
  File "/home/zythrill/Django/portfolio/manage.py", line 22, in <module>
    main()
  File "/home/zythrill/Django/portfolio/manage.py", line 18, in main
    execute_from_command_line(sys.argv)
  File "/home/zythrill/Django/django_env/lib/python3.8/site-packages/django/core/management/__init__.py", line 442, in execute_from_command_line
    utility.execute()
  File "/home/zythrill/Django/django_env/lib/python3.8/site-packages/django/core/management/__init__.py", line 436, in execute
    self.fetch_command(subcommand).run_from_argv(self.argv)
  File "/home/zythrill/Django/django_env/lib/python3.8/site-packages/django/core/management/base.py", line 412, in run_from_argv
    self.execute(*args, **cmd_options)
  File "/home/zythrill/Django/django_env/lib/python3.8/site-packages/django/core/management/base.py", line 453, in execute
    self.check()
  File "/home/zythrill/Django/django_env/lib/python3.8/site-packages/django/core/management/base.py", line 485, in check
    all_issues = checks.run_checks(
  File "/home/zythrill/Django/django_env/lib/python3.8/site-packages/django/core/checks/registry.py", line 88, in run_checks
    new_errors = check(app_configs=app_configs, databases=databases)
  File "/home/zythrill/Django/django_env/lib/python3.8/site-packages/django/core/checks/urls.py", line 14, in check_url_config
    return check_resolver(resolver)
  File "/home/zythrill/Django/django_env/lib/python3.8/site-packages/django/core/checks/urls.py", line 24, in check_resolver
    return check_method()
  File "/home/zythrill/Django/django_env/lib/python3.8/site-packages/django/urls/resolvers.py", line 494, in check
    for pattern in self.url_patterns:
  File "/home/zythrill/Django/django_env/lib/python3.8/site-packages/django/utils/functional.py", line 57, in __get__
    res = instance.__dict__[self.name] = self.func(instance)
  File "/home/zythrill/Django/django_env/lib/python3.8/site-packages/django/urls/resolvers.py", line 715, in url_patterns
    patterns = getattr(self.urlconf_module, "urlpatterns", self.urlconf_module)
  File "/home/zythrill/Django/django_env/lib/python3.8/site-packages/django/utils/functional.py", line 57, in __get__
    res = instance.__dict__[self.name] = self.func(instance)
  File "/home/zythrill/Django/django_env/lib/python3.8/site-packages/django/urls/resolvers.py", line 708, in urlconf_module
    return import_module(self.urlconf_name)
  File "/usr/lib/python3.8/importlib/__init__.py", line 127, in import_module
    return _bootstrap._gcd_import(name[level:], package, level)
  File "<frozen importlib._bootstrap>", line 1014, in _gcd_import
  File "<frozen importlib._bootstrap>", line 991, in _find_and_load
  File "<frozen importlib._bootstrap>", line 975, in _find_and_load_unlocked
  File "<frozen importlib._bootstrap>", line 671, in _load_unlocked
  File "<frozen importlib._bootstrap_external>", line 848, in exec_module
  File "<frozen importlib._bootstrap>", line 219, in _call_with_frames_removed
  File "/home/zythrill/Django/portfolio/master_template/urls.py", line 25, in <module>
    path('news_analysis/', include('news_analysis.urls')),
  File "/home/zythrill/Django/django_env/lib/python3.8/site-packages/django/urls/conf.py", line 38, in include
    urlconf_module = import_module(urlconf_module)
  File "/usr/lib/python3.8/importlib/__init__.py", line 127, in import_module
    return _bootstrap._gcd_import(name[level:], package, level)
  File "<frozen importlib._bootstrap>", line 1014, in _gcd_import
  File "<frozen importlib._bootstrap>", line 991, in _find_and_load
  File "<frozen importlib._bootstrap>", line 975, in _find_and_load_unlocked
  File "<frozen importlib._bootstrap>", line 671, in _load_unlocked
  File "<frozen importlib._bootstrap_external>", line 848, in exec_module
  File "<frozen importlib._bootstrap>", line 219, in _call_with_frames_removed
  File "/home/zythrill/Django/portfolio/news_analysis/urls.py", line 2, in <module>
    from . import views
  File "/home/zythrill/Django/portfolio/news_analysis/views.py", line 29
    pos++
        ^
SyntaxError: invalid syntax
get_daily_news() run at :  2024-02-15 20:56:02.429704
get_daily_news() run at :  2024-02-15 20:58:02.695163
get_daily_news() run at :  2024-02-15 21:00:02.877366
get_daily_news() run at :  2024-02-15 21:02:02.117681
get_daily_news() run at :  2024-02-15 21:04:02.467777
get_daily_news() run at :  2024-02-15 21:06:02.726874
get_daily_news() run at :  2024-02-15 21:08:03.127925
get_daily_news() run at :  2024-02-15 21:10:02.419954
get_daily_news() run at :  2024-02-15 21:12:02.540675
get_daily_news() run at :  2024-02-15 21:14:02.754449
get_daily_news() run at :  2024-02-15 21:16:03.062312
get_daily_news() run at :  2024-02-15 21:18:02.549376
get_daily_news() run at :  2024-02-15 21:20:02.833274
get_daily_news() run at :  2024-02-15 21:22:03.040273
get_daily_news() run at :  2024-02-15 21:24:02.354903
get_daily_news() run at :  2024-02-15 21:26:02.993441
get_daily_news() run at :  2024-02-15 21:28:02.366724
get_daily_news() run at :  2024-02-15 21:30:02.756166
get_daily_news() run at :  2024-02-15 21:32:03.087323
get_daily_news() run at :  2024-02-15 21:34:02.678561
get_daily_news() run at :  2024-02-15 21:36:03.242066
get_daily_news() run at :  2024-02-15 21:38:02.643114
get_daily_news() run at :  2024-02-15 21:40:02.968715
get_daily_news() run at :  2024-02-15 21:42:02.308222
get_daily_news() run at :  2024-02-15 21:44:02.689566
get_daily_news() run at :  2024-02-15 21:46:03.085716
get_daily_news() run at :  2024-02-15 21:48:02.518743
get_daily_news() run at :  2024-02-15 21:50:02.972565
get_daily_news() run at :  2024-02-15 21:52:02.279222
get_daily_news() run at :  2024-02-15 21:54:02.602536
get_daily_news() run at :  2024-02-15 21:56:02.853943
get_daily_news() run at :  2024-02-15 21:58:03.147475
get_daily_news() run at :  2024-02-15 22:00:02.491270
get_daily_news() run at :  2024-02-15 22:02:02.762663
get_daily_news() run at :  2024-02-15 22:04:03.100861
get_daily_news() run at :  2024-02-15 22:06:02.447788
get_daily_news() run at :  2024-02-15 22:08:02.768845
get_daily_news() run at :  2024-02-15 22:10:03.040346
get_daily_news() run at :  2024-02-15 22:12:02.315627
get_daily_news() run at :  2024-02-15 22:14:02.719680
get_daily_news() run at :  2024-02-15 22:16:03.112717
get_daily_news() run at :  2024-02-15 22:18:02.455085
get_daily_news() run at :  2024-02-15 22:20:02.878642
get_daily_news() run at :  2024-02-15 22:22:02.152127
get_daily_news() run at :  2024-02-15 22:24:02.613817
get_daily_news() run at :  2024-02-15 22:26:02.964744
get_daily_news() run at :  2024-02-15 22:28:02.331215
get_daily_news() run at :  2024-02-15 22:30:02.648312
get_daily_news() run at :  2024-02-15 22:32:02.958420
get_daily_news() run at :  2024-02-15 22:34:02.386482
get_daily_news() run at :  2024-02-15 22:36:02.665598
get_daily_news() run at :  2024-02-15 22:38:02.949180
get_daily_news() run at :  2024-02-15 22:40:02.288349
get_daily_news() run at :  2024-02-15 22:42:02.617685
get_daily_news() run at :  2024-02-15 22:44:02.899252
get_daily_news() run at :  2024-02-15 22:46:02.240284
get_daily_news() run at :  2024-02-15 22:48:02.568862
get_daily_news() run at :  2024-02-15 22:50:03.061714
get_daily_news() run at :  2024-02-15 22:52:03.438337
get_daily_news() run at :  2024-02-15 22:54:02.820026
get_daily_news() run at :  2024-02-15 22:56:03.151966
get_daily_news() run at :  2024-02-15 22:58:02.392486
get_daily_news() run at :  2024-02-15 23:00:02.734681
get_daily_news() run at :  2024-02-15 23:02:03.105197
get_daily_news() run at :  2024-02-15 23:04:02.367283
get_daily_news() run at :  2024-02-15 23:06:02.616399
get_daily_news() run at :  2024-02-15 23:08:02.952497
get_daily_news() run at :  2024-02-15 23:10:02.326860
get_daily_news() run at :  2024-02-15 23:12:02.592813
get_daily_news() run at :  2024-02-15 23:14:02.927561
get_daily_news() run at :  2024-02-15 23:16:02.233731
get_daily_news() run at :  2024-02-15 23:18:02.802650
get_daily_news() run at :  2024-02-15 23:20:02.279019
get_daily_news() run at :  2024-02-15 23:22:02.610592
get_daily_news() run at :  2024-02-15 23:24:02.983905
get_daily_news() run at :  2024-02-15 23:26:02.324655
get_daily_news() run at :  2024-02-15 23:28:02.670481
get_daily_news() run at :  2024-02-15 23:30:02.997930
get_daily_news() run at :  2024-02-15 23:32:02.300461
get_daily_news() run at :  2024-02-15 23:34:02.645014
get_daily_news() run at :  2024-02-15 23:36:02.996449
get_daily_news() run at :  2024-02-15 23:38:02.445584
get_daily_news() run at :  2024-02-15 23:40:02.693657
get_daily_news() run at :  2024-02-15 23:42:02.955029
get_daily_news() run at :  2024-02-15 23:44:02.212836
get_daily_news() run at :  2024-02-15 23:46:02.540178
get_daily_news() run at :  2024-02-15 23:48:02.842378
get_daily_news() run at :  2024-02-15 23:50:03.317158
get_daily_news() run at :  2024-02-15 23:52:02.623139
get_daily_news() run at :  2024-02-15 23:54:02.955313
get_daily_news() run at :  2024-02-15 23:56:02.273905
get_daily_news() run at :  2024-02-15 23:58:02.595232
get_daily_news() run at :  2024-02-16 00:00:03.065493
get_daily_news() run at :  2024-02-16 00:02:02.871885
get_daily_news() run at :  2024-02-16 00:04:02.380718
get_daily_news() run at :  2024-02-16 00:06:02.923599
get_daily_news() run at :  2024-02-16 00:08:02.332348
get_daily_news() run at :  2024-02-16 00:10:03.737071
get_daily_news() run at :  2024-02-16 00:12:03.541440
get_daily_news() run at :  2024-02-16 00:14:03.299389
get_daily_news() run at :  2024-02-16 00:16:03.941457
get_daily_news() run at :  2024-02-16 00:18:03.354398
get_daily_news() run at :  2024-02-16 00:20:03.326366
get_daily_news() run at :  2024-02-16 00:22:02.796400
get_daily_news() run at :  2024-02-16 00:24:03.938107
get_daily_news() run at :  2024-02-16 00:26:03.176591
get_daily_news() run at :  2024-02-16 00:28:03.185645
get_daily_news() run at :  2024-02-16 00:30:02.918436
get_daily_news() run at :  2024-02-16 00:32:03.473468
get_daily_news() run at :  2024-02-16 00:34:03.545084
get_daily_news() run at :  2024-02-16 00:36:02.575359
get_daily_news() run at :  2024-02-16 00:38:03.221288
get_daily_news() run at :  2024-02-16 00:40:03.004528
get_daily_news() run at :  2024-02-16 00:42:02.577314
get_daily_news() run at :  2024-02-16 00:44:03.106779
get_daily_news() run at :  2024-02-16 00:46:02.580919
get_daily_news() run at :  2024-02-16 00:48:03.118977
get_daily_news() run at :  2024-02-16 00:50:02.908156
get_daily_news() run at :  2024-02-16 00:52:02.444080
get_daily_news() run at :  2024-02-16 00:54:02.866704
get_daily_news() run at :  2024-02-16 00:56:02.578337
get_daily_news() run at :  2024-02-16 00:58:03.186451
get_daily_news() run at :  2024-02-16 01:00:02.691241
get_daily_news() run at :  2024-02-16 01:02:03.154300
get_daily_news() run at :  2024-02-16 01:04:02.661248
get_daily_news() run at :  2024-02-16 01:06:03.240414
get_daily_news() run at :  2024-02-16 01:08:02.793003
get_daily_news() run at :  2024-02-16 01:10:03.552078
get_daily_news() run at :  2024-02-16 01:12:02.910885
